The magic happens on port 443
[33m[nodemon] 2.0.4[39m
[33m[nodemon] to restart at any time, enter `rs`[39m
[33m[nodemon] watching path(s): *.*[39m
[33m[nodemon] watching extensions: js,mjs,json[39m
[32m[nodemon] starting `node --tls-cipher-list='ECDHE-RSA-AES256-SHA384:AES256-SHA256:!RC4:HIGH:!MD5:!aNULL:!EDH:!EXP:!SSLV2:!eNULL' /home/hcf0018/webserver/TheSparkSubmissionWebsite/server.js`[39m
The magic happens on port 443
trying
works here
logged in
The magic happens on port 443
The magic happens on port 443
The magic happens on port 443
The magic happens on port 443
The magic happens on port 443
The magic happens on port 443
The magic happens on port 443
The magic happens on port 443
The magic happens on port 443
The magic happens on port 443
The magic happens on port 443
The magic happens on port 443
The magic happens on port 443
The magic happens on port 443
The magic happens on port 443
The magic happens on port 443
The magic happens on port 443
The magic happens on port 443
The magic happens on port 443
The magic happens on port 443
The magic happens on port 443
The magic happens on port 443
The magic happens on port 443
The magic happens on port 443
The magic happens on port 443
The magic happens on port 443
The magic happens on port 443
The magic happens on port 443
The magic happens on port 443
The magic happens on port 443
The magic happens on port 443
The magic happens on port 443
The magic happens on port 443
The magic happens on port 443
The magic happens on port 443
The magic happens on port 443
The magic happens on port 443
The magic happens on port 443
The magic happens on port 443
The magic happens on port 443
The magic happens on port 443
The magic happens on port 443
The magic happens on port 443
The magic happens on port 443
The magic happens on port 443
The magic happens on port 443
The magic happens on port 443
The magic happens on port 443
The magic happens on port 443
The magic happens on port 443
The magic happens on port 443
The magic happens on port 443
The magic happens on port 443
The magic happens on port 443
The magic happens on port 443
The magic happens on port 443
The magic happens on port 443
The magic happens on port 443
The magic happens on port 443
The magic happens on port 443
The magic happens on port 443
The magic happens on port 443
The magic happens on port 443
The magic happens on port 443
The magic happens on port 443
The magic happens on port 443
The magic happens on port 443
The magic happens on port 443
The magic happens on port 443
The magic happens on port 443
The magic happens on port 443
The magic happens on port 443
The magic happens on port 443
The magic happens on port 443
The magic happens on port 443
The magic happens on port 443
The magic happens on port 443
The magic happens on port 443
The magic happens on port 443
The magic happens on port 443
The magic happens on port 443
The magic happens on port 443
The magic happens on port 443
The magic happens on port 443
The magic happens on port 443
The magic happens on port 443
The magic happens on port 443
The magic happens on port 443
The magic happens on port 443
The magic happens on port 443
The magic happens on port 443
The magic happens on port 443
The magic happens on port 443
The magic happens on port 443
The magic happens on port 443
The magic happens on port 443
The magic happens on port 443
The magic happens on port 443
The magic happens on port 443
The magic happens on port 443
The magic happens on port 443
The magic happens on port 443
The magic happens on port 443
The magic happens on port 443
The magic happens on port 443
The magic happens on port 443
The magic happens on port 443
The magic happens on port 443
The magic happens on port 443
The magic happens on port 443
The magic happens on port 443
The magic happens on port 443
The magic happens on port 443
2020-08-31T17:03:42: The magic happens on port 443
2020-08-31T17:03:43: The magic happens on port 443
2020-08-31T17:03:44: The magic happens on port 443
2020-08-31T17:03:44: The magic happens on port 443
2020-08-31T17:03:45: The magic happens on port 443
2020-08-31T17:03:46: The magic happens on port 443
2020-08-31T17:03:46: The magic happens on port 443
2020-08-31T17:03:47: The magic happens on port 443
2020-08-31T17:03:48: The magic happens on port 443
2020-08-31T17:03:48: The magic happens on port 443
2020-08-31T17:03:49: The magic happens on port 443
2020-08-31T17:03:50: The magic happens on port 443
2020-08-31T17:03:50: The magic happens on port 443
2020-08-31T17:03:51: The magic happens on port 443
2020-08-31T17:03:52: The magic happens on port 443
2020-08-31T17:03:52: The magic happens on port 443
2020-08-31T17:03:53: The magic happens on port 443
2020-08-31T17:03:54: The magic happens on port 443
2020-08-31T17:03:54: The magic happens on port 443
2020-08-31T17:03:55: The magic happens on port 443
2020-08-31T17:03:56: The magic happens on port 443
2020-08-31T17:03:57: The magic happens on port 443
2020-08-31T17:03:57: The magic happens on port 443
2020-08-31T17:03:58: The magic happens on port 443
2020-08-31T17:03:59: The magic happens on port 443
2020-08-31T17:04:00: The magic happens on port 443
2020-08-31T17:04:00: The magic happens on port 443
2020-08-31T17:04:01: The magic happens on port 443
2020-08-31T17:04:02: The magic happens on port 443
2020-08-31T17:04:02: The magic happens on port 443
2020-08-31T17:04:03: The magic happens on port 443
2020-08-31T17:04:04: The magic happens on port 443
2020-08-31T17:04:04: The magic happens on port 443
2020-08-31T17:04:05: The magic happens on port 443
2020-08-31T17:04:06: The magic happens on port 443
2020-08-31T17:04:07: The magic happens on port 443
2020-08-31T17:04:07: The magic happens on port 443
2020-08-31T17:04:08: The magic happens on port 443
2020-08-31T17:04:09: The magic happens on port 443
2020-08-31T17:04:10: The magic happens on port 443
2020-08-31T17:04:11: The magic happens on port 443
2020-08-31T17:04:11: The magic happens on port 443
2020-08-31T17:04:12: The magic happens on port 443
2020-08-31T17:04:13: The magic happens on port 443
2020-08-31T17:04:13: The magic happens on port 443
2020-08-31T17:04:14: The magic happens on port 443
2020-08-31T17:04:15: The magic happens on port 443
2020-08-31T17:04:15: The magic happens on port 443
2020-08-31T17:04:16: The magic happens on port 443
2020-08-31T17:04:17: The magic happens on port 443
2020-08-31T17:04:17: The magic happens on port 443
2020-08-31T17:04:18: The magic happens on port 443
2020-08-31T17:04:19: The magic happens on port 443
2020-08-31T17:04:19: The magic happens on port 443
2020-08-31T17:04:20: The magic happens on port 443
2020-08-31T17:04:21: The magic happens on port 443
2020-08-31T17:04:21: The magic happens on port 443
2020-08-31T17:16:40: The magic happens on port 443
